Building..
Linking ./.build/x86_64-apple-macosx10.10/debug/SPMVim
$ make plugin
Building..
Compile Swift Module 'SKQueue' (1 sources)
Compile Swift Module 'LogParser' (1 sources)
Compile Swift Module 'SwiftCompilationDatabase' (1 sources)
Compile Swift Module 'EditorService' (1 sources)
Compile Swift Module 'Vim' (4 sources)
/Users/jerrymarino/Projects/SwiftPackageManager.vim/Sources/SPMVimPlugin/DiagnosticInterface.swift:5:1: error: expressions are not allowed at the top level
a
^
/Users/jerrymarino/Projects/SwiftPackageManager.vim/Sources/SPMVimPlugin/DiagnosticInterface.swift:5:1: error: use of unresolved identifier 'a'
a
^
/Users/jerrymarino/Projects/SwiftPackageManager.vim/Sources/SPMVimPlugin/DiagnosticInterface.swift:5:1: error: expressions are not allowed at the top level
a
^
/Users/jerrymarino/Projects/SwiftPackageManager.vim/Sources/SPMVimPlugin/DiagnosticInterface.swift:5:1: error: expressions are not allowed at the top level
a
^
/Users/jerrymarino/Projects/SwiftPackageManager.vim/Sources/SPMVimPlugin/DiagnosticInterface.swift:5:1: error: expressions are not allowed at the top level
a
^
/Users/jerrymarino/Projects/SwiftPackageManager.vim/Sources/SPMVimPlugin/RPCRunner.swift:55:61: warning: conditional downcast from 'NSData?' to 'Data' is a bridging conversion; did you mean to use 'as'?
        guard let data: Data = (((dData as Any) as? NSData) as? Data) else {
                                ~~~~~~~~~~~~~~~~~~~~~~~~~~~ ^~~ ~~~~
                                                            as      ?
/Users/jerrymarino/Projects/SwiftPackageManager.vim/Sources/SPMVimPlugin/DiagnosticInterface.swift:5:1: error: expressions are not allowed at the top level
a
^
/Users/jerrymarino/Projects/SwiftPackageManager.vim/Sources/SPMVimPlugin/DiagnosticInterface.swift:5:1: error: expressions are not allowed at the top level
a
^

